DiagnosticsPlugin.exe Information: 0 : [5/25/2024 9:08:09 PM] Starting DiagnosticPlugin.exe DiagnosticPlugin-ShutdownEvent DiagnosticPlugin-TotalShutdownEvent -wadVer1v5
DiagnosticsPlugin.exe Error: 0 : [5/25/2024 9:08:09 PM] Failed to save IIS Directory state
DiagnosticsPlugin.exe Error: 0 : [5/25/2024 9:08:09 PM] System.Runtime.InteropServices.COMException (0x80040154): Retrieving the COM class factory for component with CLSID {2B72133B-3F5B-4602-8952-803546CE3344} failed due to the following error: 80040154 Class not registered (Exception from HRESULT: 0x80040154 (REGDB_E_CLASSNOTREG)).
   at System.Runtime.Remoting.RemotingServices.AllocateUninitializedObject(RuntimeType objectType)
   at System.Runtime.Remoting.Activation.ActivationServices.CreateInstance(RuntimeType serverType)
   at System.Runtime.Remoting.Activation.ActivationServices.IsCurrentContextOK(RuntimeType serverType, Object[] props, Boolean bNewObj)
   at System.RuntimeTypeHandle.CreateInstance(RuntimeType type, Boolean publicOnly, Boolean noCheck, Boolean& canBeCached, RuntimeMethodHandleInternal& ctor, Boolean& bNeedSecurityCheck)
   at System.RuntimeType.CreateInstanceSlow(Boolean publicOnly, Boolean skipCheckThis, Boolean fillCache, StackCrawlMark& stackMark)
   at System.Activator.CreateInstance[T]()
   at Microsoft.Web.Administration.ConfigurationManager.CreateAdminManager[TClass,TInterface](WebConfigurationMap webConfigMap, Boolean isAdminConfig, Boolean isRedirectionConfig)
   at Microsoft.Web.Administration.ConfigurationManager.CreateWritableAdminManager(WebConfigurationMap webConfigMap, String configPathToEdit, Boolean isAdminConfig, Boolean isRedirectionConfig)
   at Microsoft.Web.Administration.ConfigurationManager.CreateConfiguration(WebConfigurationMap configMap, String configPathToEdit, Boolean isAdminConfig, Boolean isRedirectionConfig)
   at Microsoft.Web.Administration.ConfigurationManager.GetConfiguration(String rawConfigurationPath, String cacheKey, Boolean isAdminConfig, Boolean isRedirectionConfig)
   at Microsoft.Web.Administration.ConfigurationManager.GetApplicationHostConfiguration()
   at Microsoft.Web.Administration.ServerManager.SitesSectionCreator()
   at Microsoft.Web.Administration.Lazy.Initialize[T](T& target, CreateInstanceDelegate`1 valueFactory)
   at Microsoft.Web.Administration.ServerManager.SitesCollectionCreator()
   at Microsoft.Web.Administration.Lazy.Initialize[T](T& target, CreateInstanceDelegate`1 valueFactory)
   at Microsoft.Azure.Plugins.Plugin.DiagnosticsPluginManager.SaveIISDirectoryState()
DiagnosticsPlugin.exe Information: 0 : [5/25/2024 9:08:09 PM] Starting DiagnosticsPlugin
DiagnosticsPlugin.exe Information: 0 : [5/25/2024 9:08:09 PM] Emulator config file set to C:\Users\Lazar\Desktop\RCA_repo\Reddit\csx\Debug\roles\RedditService\approot\diagnostics.wadcfgx
DiagnosticsPlugin.exe Information: 0 : [5/25/2024 9:08:09 PM] DiagnosticsStoreRootPath set to: C:\Users\Lazar\AppData\Local\dftmp\Resources\b81fff19-8146-4233-803a-38c4592b7144
DiagnosticsPlugin.exe Information: 0 : [5/25/2024 9:08:09 PM] Loading config file: C:\Users\Lazar\Desktop\RCA_repo\Reddit\csx\Debug\roles\RedditService\approot\diagnostics.wadcfgx
DiagnosticsPlugin.exe Information: 0 : [5/25/2024 9:08:09 PM] Config file to read: C:\Users\Lazar\Desktop\RCA_repo\Reddit\csx\Debug\roles\RedditService\approot\diagnostics.wadcfgx
DiagnosticsPlugin.exe Information: 0 : [5/25/2024 9:08:09 PM] Checking VM Type
DiagnosticsPlugin.exe Information: 0 : [5/25/2024 9:08:09 PM] Emulator config file set to C:\Users\Lazar\Desktop\RCA_repo\Reddit\csx\Debug\roles\RedditService\approot\diagnostics.wadcfgx
DiagnosticsPlugin.exe Information: 0 : [5/25/2024 9:08:09 PM] Extension set to Emulator Mode
DiagnosticsPlugin.exe Information: 0 : [5/25/2024 9:08:09 PM] Reading XML configuration file
DiagnosticsPlugin.exe Information: 0 : [5/25/2024 9:08:09 PM] Bypassing private config decryption
DiagnosticsPlugin.exe Information: 0 : [5/25/2024 9:08:09 PM] WadCfg is provided in initial configuration. Using that to initialize Diagnostics.
DiagnosticsPlugin.exe Information: 0 : [5/25/2024 9:08:09 PM] <PublicConfig xmlns="http://schemas.microsoft.com/ServiceHosting/2010/10/DiagnosticsConfiguration">
  <WadCfg>
    <DiagnosticMonitorConfiguration overallQuotaInMB="4096">
      <DiagnosticInfrastructureLogs scheduledTransferLogLevelFilter="Error" />
      <Logs scheduledTransferPeriod="PT1M" scheduledTransferLogLevelFilter="Error" />
      <Directories scheduledTransferPeriod="PT1M">
        <IISLogs containerName="wad-iis-logfiles" />
        <FailedRequestLogs containerName="wad-failedrequestlogs" />
      </Directories>
      <WindowsEventLog scheduledTransferPeriod="PT1M">
        <DataSource name="Application!*[System[(Level=1 or Level=2 or Level=3)]]" />
        <DataSource name="Windows Azure!*[System[(Level=1 or Level=2 or Level=3 or Level=4)]]" />
      </WindowsEventLog>
      <CrashDumps containerName="wad-crashdumps" dumpType="Mini">
        <CrashDumpConfiguration processName="WaIISHost.exe" />
        <CrashDumpConfiguration processName="WaWorkerHost.exe" />
        <CrashDumpConfiguration processName="w3wp.exe" />
      </CrashDumps>
      <PerformanceCounters scheduledTransferPeriod="PT1M">
        <PerformanceCounterConfiguration counterSpecifier="\Memory\Available MBytes" sampleRate="PT3M" />
        <PerformanceCounterConfiguration counterSpecifier="\Web Service(_Total)\ISAPI Extension Requests/sec" sampleRate="PT3M" />
        <PerformanceCounterConfiguration counterSpecifier="\Web Service(_Total)\Bytes Total/Sec" sampleRate="PT3M" />
        <PerformanceCounterConfiguration counterSpecifier="\ASP.NET Applications(__Total__)\Requests/Sec" sampleRate="PT3M" />
        <PerformanceCounterConfiguration counterSpecifier="\ASP.NET Applications(__Total__)\Errors Total/Sec" sampleRate="PT3M" />
        <PerformanceCounterConfiguration counterSpecifier="\ASP.NET\Requests Queued" sampleRate="PT3M" />
        <PerformanceCounterConfiguration counterSpecifier="\ASP.NET\Requests Rejected" sampleRate="PT3M" />
        <PerformanceCounterConfiguration counterSpecifier="\Processor(_Total)\% Processor Time" sampleRate="PT3M" />
      </PerformanceCounters>
    </DiagnosticMonitorConfiguration>
  </WadCfg>
  <StorageAccount>cloudprojekat</StorageAccount>
</PublicConfig>
DiagnosticsPlugin.exe Information: 0 : [5/25/2024 9:08:09 PM] Private setting is loaded
DiagnosticsPlugin.exe Information: 0 : [5/25/2024 9:08:09 PM] Is config json/xml loaded
DiagnosticsPlugin.exe Information: 0 : [5/25/2024 9:08:09 PM] Checking if configuration needs to be fetched from the storage account and doing so if needed.
DiagnosticsPlugin.exe Information: 0 : [5/25/2024 9:08:09 PM] Successfully created checkpoint file C:\Users\Lazar\AppData\Local\dftmp\Resources\b81fff19-8146-4233-803a-38c4592b7144\WAD0105\Configuration\Checkpoint.txt
DiagnosticsPlugin.exe Information: 0 : [5/25/2024 9:08:09 PM] Will use local resource directory C:\Users\Lazar\AppData\Local\dftmp\Resources\b81fff19-8146-4233-803a-38c4592b7144\WAD0105
DiagnosticsPlugin.exe Information: 0 : [5/25/2024 9:08:10 PM] Will use endpoint https://core.windows.net for storage.
DiagnosticsPlugin.exe Information: 0 : [5/25/2024 9:08:10 PM] Exception in creating the ServerManager; is IIS installed?
 Error:System.Runtime.InteropServices.COMException (0x80040154): Retrieving the COM class factory for component with CLSID {2B72133B-3F5B-4602-8952-803546CE3344} failed due to the following error: 80040154 Class not registered (Exception from HRESULT: 0x80040154 (REGDB_E_CLASSNOTREG)).
   at System.Runtime.Remoting.RemotingServices.AllocateUninitializedObject(RuntimeType objectType)
   at System.Runtime.Remoting.Activation.ActivationServices.CreateInstance(RuntimeType serverType)
   at System.Runtime.Remoting.Activation.ActivationServices.IsCurrentContextOK(RuntimeType serverType, Object[] props, Boolean bNewObj)
   at System.RuntimeTypeHandle.CreateInstance(RuntimeType type, Boolean publicOnly, Boolean noCheck, Boolean& canBeCached, RuntimeMethodHandleInternal& ctor, Boolean& bNeedSecurityCheck)
   at System.RuntimeType.CreateInstanceSlow(Boolean publicOnly, Boolean skipCheckThis, Boolean fillCache, StackCrawlMark& stackMark)
   at System.Activator.CreateInstance[T]()
   at Microsoft.Web.Administration.ConfigurationManager.CreateAdminManager[TClass,TInterface](WebConfigurationMap webConfigMap, Boolean isAdminConfig, Boolean isRedirectionConfig)
   at Microsoft.Web.Administration.ConfigurationManager.CreateWritableAdminManager(WebConfigurationMap webConfigMap, String configPathToEdit, Boolean isAdminConfig, Boolean isRedirectionConfig)
   at Microsoft.Web.Administration.ConfigurationManager.CreateConfiguration(WebConfigurationMap configMap, String configPathToEdit, Boolean isAdminConfig, Boolean isRedirectionConfig)
   at Microsoft.Web.Administration.ConfigurationManager.GetConfiguration(String rawConfigurationPath, String cacheKey, Boolean isAdminConfig, Boolean isRedirectionConfig)
   at Microsoft.Web.Administration.ConfigurationManager.GetApplicationHostConfiguration()
   at Microsoft.Web.Administration.ServerManager.SitesSectionCreator()
   at Microsoft.Web.Administration.Lazy.Initialize[T](T& target, CreateInstanceDelegate`1 valueFactory)
   at Microsoft.Web.Administration.ServerManager.SitesCollectionCreator()
   at Microsoft.Web.Administration.Lazy.Initialize[T](T& target, CreateInstanceDelegate`1 valueFactory)
   at Microsoft.Azure.Plugins.Plugin.WadConfigProcessor.AddDirectories(EventsType mdsEvents, Directories wadDirectories)
DiagnosticsPlugin.exe Information: 0 : [5/25/2024 9:08:10 PM] Running in emulator mode, crash dumps not enabled
DiagnosticsPlugin.exe Information: 0 : [5/25/2024 9:08:10 PM] Checking to see if Application Insights extension needs to be configured.
DiagnosticsPlugin.exe Error: 0 : [5/25/2024 9:08:41 PM] Microsoft.Cis.Monitoring.Query.QueryException: ErrorFail
   at Microsoft.Cis.Monitoring.Query.QueryLocalTable..ctor(String TableName, String TablePath)
   at ApplicationInsightsExtension.MATableReader.ReadTableRecords(String tableName, String tablePath, DateTime startTime, DateTime endTime)
   at Microsoft.Azure.Plugins.Diagnostics.dll.MAStatusWriter.UpdateStatusReport(Object sender, ElapsedEventArgs e)
DiagnosticsPlugin.exe Information: 0 : [5/25/2024 9:09:10 PM] MonAgentHost.exe started
DiagnosticsPlugin.exe Information: 0 : [5/25/2024 9:09:10 PM] DiagnoticsPlugin started.
DiagnosticsPlugin.exe Information: 0 : [5/25/2024 9:09:10 PM] DiagnoticsPlugin now waiting on events "DiagnosticPlugin-ShutdownEvent", "DiagnosticPlugin-TotalShutdownEvent" or "DiagnosticPlugin-RestartEvent".
DiagnosticsPlugin.exe Error: 0 : [5/25/2024 9:09:10 PM] Microsoft.Cis.Monitoring.Query.QueryException: ErrorFail
   at Microsoft.Cis.Monitoring.Query.QueryLocalTable..ctor(String TableName, String TablePath)
   at ApplicationInsightsExtension.MATableReader.ReadTableRecords(String tableName, String tablePath, DateTime startTime, DateTime endTime)
   at Microsoft.Azure.Plugins.Diagnostics.dll.MAStatusWriter.UpdateStatusReport(Object sender, ElapsedEventArgs e)
DiagnosticsPlugin.exe Error: 0 : [5/25/2024 9:09:40 PM] Microsoft.Cis.Monitoring.Query.QueryException: ErrorFail
   at Microsoft.Cis.Monitoring.Query.QueryLocalTable..ctor(String TableName, String TablePath)
   at ApplicationInsightsExtension.MATableReader.ReadTableRecords(String tableName, String tablePath, DateTime startTime, DateTime endTime)
   at Microsoft.Azure.Plugins.Diagnostics.dll.MAStatusWriter.UpdateStatusReport(Object sender, ElapsedEventArgs e)
